Unity Editor version:    6000.0.21f1 (e2bacb8dee3a)
Branch:                  trunk
Build type:              Release
Batch mode:              YES
macOS version:           Version 14.5 (Build 23F79)
Darwin version:          23.5.0
Architecture:            arm64
Running under Rosetta:   NO
Available memory:        16384 MB
Using pre-set license
Pro License: YES

COMMAND LINE ARGUMENTS:
/Applications/Unity/Hub/Editor/6000.0.21f1/Unity.app/Contents/MacOS/Unity
-adb2
-batchMode
-noUpm
-name
AssetImportWorker1
-projectPath
/Users/kseniasperling/Unity/2048_project
-logFile
Logs/AssetImportWorker1.log
-srvPort
62234
-job-worker-count
3
-background-job-worker-count
8
-asset-garbage-collectors
1
Successfully changed project path to: /Users/kseniasperling/Unity/2048_project
/Users/kseniasperling/Unity/2048_project
[UnityMemory] Configuration Parameters - Can be set up in boot.config
    "memorysetup-bucket-allocator-granularity=16"
    "memorysetup-bucket-allocator-bucket-count=8"
    "memorysetup-bucket-allocator-block-size=33554432"
    "memorysetup-bucket-allocator-block-count=8"
    "memorysetup-main-allocator-block-size=16777216"
    "memorysetup-thread-allocator-block-size=16777216"
    "memorysetup-gfx-main-allocator-block-size=16777216"
    "memorysetup-gfx-thread-allocator-block-size=16777216"
    "memorysetup-cache-allocator-block-size=4194304"
    "memorysetup-typetree-allocator-block-size=2097152"
    "memorysetup-profiler-bucket-allocator-granularity=16"
    "memorysetup-profiler-bucket-allocator-bucket-count=8"
    "memorysetup-profiler-bucket-allocator-block-size=33554432"
    "memorysetup-profiler-bucket-allocator-block-count=8"
    "memorysetup-profiler-allocator-block-size=16777216"
    "memorysetup-profiler-editor-allocator-block-size=1048576"
    "memorysetup-temp-allocator-size-main=16777216"
    "memorysetup-job-temp-allocator-block-size=2097152"
    "memorysetup-job-temp-allocator-block-size-background=1048576"
    "memorysetup-job-temp-allocator-reduction-small-platforms=262144"
    "memorysetup-allocator-temp-initial-block-size-main=262144"
    "memorysetup-allocator-temp-initial-block-size-worker=262144"
    "memorysetup-temp-allocator-size-background-worker=32768"
    "memorysetup-temp-allocator-size-job-worker=262144"
    "memorysetup-temp-allocator-size-preload-manager=33554432"
    "memorysetup-temp-allocator-size-nav-mesh-worker=65536"
    "memorysetup-temp-allocator-size-audio-worker=65536"
    "memorysetup-temp-allocator-size-cloud-worker=32768"
    "memorysetup-temp-allocator-size-gi-baking-worker=262144"
    "memorysetup-temp-allocator-size-gi-baking-worker=262144"
    "memorysetup-temp-allocator-size-gi-baking-worker=262144"
    "memorysetup-temp-allocator-size-gi-baking-worker=262144"
    "memorysetup-temp-allocator-size-gi-baking-worker=262144"
    "memorysetup-temp-allocator-size-gfx=262144"
Player connection [8478657536]  Target information:

Player connection [8478657536]  * "[IP] 192.168.1.12 [Port] 0 [Flags] 2 [Guid] 547272552 [EditorId] 547272552 [Version] 1048832 [Id] OSXEditor(0,Air-Ksenia.Home) [Debug] 1 [PackageName] OSXEditor [ProjectName] Editor" 

Player connection [8478657536]  * "[IP] 169.254.19.0 [Port] 0 [Flags] 2 [Guid] 547272552 [EditorId] 547272552 [Version] 1048832 [Id] OSXEditor(0,Air-Ksenia.Home) [Debug] 1 [PackageName] OSXEditor [ProjectName] Editor" 

Player connection [8478657536] Host joined multi-casting on [225.0.0.222:54997]...
Player connection [8478657536] Host joined alternative multi-casting on [225.0.0.222:34997]...
JobSystem: Creating JobQueue using job-worker-count value 3
[Physics::Module] Initialized fallback backend.
[Physics::Module] Id: 0xdecafbad
Library Redirect Path: Library/
[Physics::Module] Selected backend.
[Physics::Module] Name: PhysX
[Physics::Module] Id: 0xf2b8ea05
[Physics::Module] SDK Version: 4.1.2
[Physics::Module] Integration Version: 1.0.0
[Physics::Module] Threading Mode: Multi-Threaded
Refreshing native plugins compatible for Editor in 2.12 ms, found 3 plugins.
Preloading 0 native plugins for Editor in 0.00 ms.
Initialize engine version: 6000.0.21f1 (e2bacb8dee3a)
[Subsystems] Discovering subsystems at path /Applications/Unity/Hub/Editor/6000.0.21f1/Unity.app/Contents/Resources/UnitySubsystems
[Subsystems] Discovering subsystems at path /Users/kseniasperling/Unity/2048_project/Assets
GfxDevice: creating device client; kGfxThreadingModeNonThreaded
 preferred device: Apple M3 (high power)
Metal devices available: 1
0: Apple M3 (high power)
Using device Apple M3 (high power)
Initializing Metal device caps: Apple M3
Initialize mono
Mono path[0] = '/Applications/Unity/Hub/Editor/6000.0.21f1/Unity.app/Contents/Managed'
Mono path[1] = '/Applications/Unity/Hub/Editor/6000.0.21f1/Unity.app/Contents/MonoBleedingEdge/lib/mono/unityjit-macos'
Mono config path = '/Applications/Unity/Hub/Editor/6000.0.21f1/Unity.app/Contents/MonoBleedingEdge/etc'
Using monoOptions --debugger-agent=transport=dt_socket,embedding=1,server=y,suspend=n,address=127.0.0.1:56341
Begin MonoManager ReloadAssembly
Registering precompiled unity dll's ...
Register platform support module: /Applications/Unity/Hub/Editor/6000.0.21f1/Unity.app/Contents/PlaybackEngines/MacStandaloneSupport/UnityEditor.OSXStandalone.Extensions.dll
Registered in 0.000419 seconds.
- Loaded All Assemblies, in  0.233 seconds
Native extension for OSXStandalone target not found
Mono: successfully reloaded assembly
- Finished resetting the current domain, in  0.350 seconds
Domain Reload Profiling: 584ms
	BeginReloadAssembly (67ms)
		ExecutionOrderSort (0ms)
		DisableScriptedObjects (0ms)
		BackupInstance (0ms)
		ReleaseScriptingObjects (0ms)
		CreateAndSetChildDomain (0ms)
	RebuildCommonClasses (26ms)
	RebuildNativeTypeToScriptingClass (9ms)
	initialDomainReloadingComplete (27ms)
	LoadAllAssembliesAndSetupDomain (106ms)
		LoadAssemblies (66ms)
		RebuildTransferFunctionScriptingTraits (0ms)
		AnalyzeDomain (104ms)
			TypeCache.Refresh (103ms)
				TypeCache.ScanAssembly (92ms)
			BuildScriptInfoCaches (0ms)
			ResolveRequiredComponents (0ms)
	FinalizeReload (350ms)
		ReleaseScriptCaches (0ms)
		RebuildScriptCaches (0ms)
		SetupLoadedEditorAssemblies (321ms)
			LogAssemblyErrors (0ms)
			InitializePlatformSupportModulesInManaged (28ms)
			SetLoadedEditorAssemblies (4ms)
			BeforeProcessingInitializeOnLoad (7ms)
			ProcessInitializeOnLoadAttributes (122ms)
			ProcessInitializeOnLoadMethodAttributes (101ms)
			AfterProcessingInitializeOnLoad (59ms)
			EditorAssembliesLoaded (0ms)
		ExecutionOrderSort2 (0ms)
		AwakeInstancesAfterBackupRestoration (0ms)
========================================================================
Worker process is ready to serve import requests
Import Worker Mode flag is 0x00
Begin MonoManager ReloadAssembly
- Loaded All Assemblies, in  0.965 seconds
Refreshing native plugins compatible for Editor in 0.49 ms, found 3 plugins.
Native extension for OSXStandalone target not found
Mono: successfully reloaded assembly
- Finished resetting the current domain, in  0.775 seconds
Domain Reload Profiling: 1741ms
	BeginReloadAssembly (439ms)
		ExecutionOrderSort (0ms)
		DisableScriptedObjects (4ms)
		BackupInstance (0ms)
		ReleaseScriptingObjects (0ms)
		CreateAndSetChildDomain (60ms)
	RebuildCommonClasses (28ms)
	RebuildNativeTypeToScriptingClass (9ms)
	initialDomainReloadingComplete (30ms)
	LoadAllAssembliesAndSetupDomain (460ms)
		LoadAssemblies (238ms)
		RebuildTransferFunctionScriptingTraits (0ms)
		AnalyzeDomain (265ms)
			TypeCache.Refresh (204ms)
				TypeCache.ScanAssembly (184ms)
			BuildScriptInfoCaches (50ms)
			ResolveRequiredComponents (9ms)
	FinalizeReload (776ms)
		ReleaseScriptCaches (0ms)
		RebuildScriptCaches (0ms)
		SetupLoadedEditorAssemblies (619ms)
			LogAssemblyErrors (0ms)
			InitializePlatformSupportModulesInManaged (2ms)
			SetLoadedEditorAssemblies (5ms)
			BeforeProcessingInitializeOnLoad (138ms)
			ProcessInitializeOnLoadAttributes (396ms)
			ProcessInitializeOnLoadMethodAttributes (75ms)
			AfterProcessingInitializeOnLoad (2ms)
			EditorAssembliesLoaded (0ms)
		ExecutionOrderSort2 (0ms)
		AwakeInstancesAfterBackupRestoration (2ms)
Launching external process: /Applications/Unity/Hub/Editor/6000.0.21f1/Unity.app/Contents/Tools/UnityShaderCompiler
Launched and connected shader compiler UnityShaderCompiler after 0.05 seconds
Refreshing native plugins compatible for Editor in 0.57 ms, found 3 plugins.
Preloading 0 native plugins for Editor in 0.00 ms.
Unloading 220 Unused Serialized files (Serialized files now loaded: 0)
Unloading 6759 unused Assets / (2.1 MB). Loaded Objects now: 7568.
Memory consumption went from 203.6 MB to 201.4 MB.
Total: 18.240833 ms (FindLiveObjects: 3.566541 ms CreateObjectMapping: 1.167750 ms MarkObjects: 10.236000 ms  DeleteObjects: 3.269375 ms)

========================================================================
Received Prepare
Refreshing native plugins compatible for Editor in 0.45 ms, found 3 plugins.
Preloading 0 native plugins for Editor in 0.00 ms.
Unloading 14 Unused Serialized files (Serialized files now loaded: 0)
Unloading 6746 unused Assets / (3.5 MB). Loaded Objects now: 7568.
Memory consumption went from 163.7 MB to 160.2 MB.
Total: 16.720208 ms (FindLiveObjects: 0.411625 ms CreateObjectMapping: 0.126708 ms MarkObjects: 14.919584 ms  DeleteObjects: 1.262167 ms)

Prepare: number of updated asset objects reloaded= 0
========================================================================
Received Prepare
Refreshing native plugins compatible for Editor in 0.44 ms, found 3 plugins.
Preloading 0 native plugins for Editor in 0.00 ms.
Unloading 14 Unused Serialized files (Serialized files now loaded: 0)
Unloading 6746 unused Assets / (3.5 MB). Loaded Objects now: 7568.
Memory consumption went from 161.3 MB to 157.8 MB.
Total: 25.985875 ms (FindLiveObjects: 0.433083 ms CreateObjectMapping: 0.139083 ms MarkObjects: 24.260875 ms  DeleteObjects: 1.152167 ms)

Prepare: number of updated asset objects reloaded= 0
========================================================================
Received Prepare
Refreshing native plugins compatible for Editor in 0.51 ms, found 3 plugins.
Preloading 0 native plugins for Editor in 0.00 ms.
Unloading 14 Unused Serialized files (Serialized files now loaded: 0)
Unloading 6746 unused Assets / (3.3 MB). Loaded Objects now: 7568.
Memory consumption went from 158.9 MB to 155.6 MB.
Total: 22.222166 ms (FindLiveObjects: 0.439291 ms CreateObjectMapping: 0.139584 ms MarkObjects: 20.396708 ms  DeleteObjects: 1.246125 ms)

Prepare: number of updated asset objects reloaded= 0
========================================================================
Received Prepare
Refreshing native plugins compatible for Editor in 0.53 ms, found 3 plugins.
Preloading 0 native plugins for Editor in 0.00 ms.
Unloading 14 Unused Serialized files (Serialized files now loaded: 0)
Unloading 6746 unused Assets / (3.1 MB). Loaded Objects now: 7568.
Memory consumption went from 156.5 MB to 153.5 MB.
Total: 5.906333 ms (FindLiveObjects: 0.390917 ms CreateObjectMapping: 0.129917 ms MarkObjects: 4.169875 ms  DeleteObjects: 1.214916 ms)

Prepare: number of updated asset objects reloaded= 0
========================================================================
Received Prepare
Refreshing native plugins compatible for Editor in 0.46 ms, found 3 plugins.
Preloading 0 native plugins for Editor in 0.00 ms.
Unloading 14 Unused Serialized files (Serialized files now loaded: 0)
Unloading 6746 unused Assets / (3.2 MB). Loaded Objects now: 7568.
Memory consumption went from 154.1 MB to 150.9 MB.
Total: 5.807958 ms (FindLiveObjects: 0.366500 ms CreateObjectMapping: 0.126084 ms MarkObjects: 4.195333 ms  DeleteObjects: 1.119875 ms)

Prepare: number of updated asset objects reloaded= 0
========================================================================
Received Prepare
Assembly with name 'Tests' already exists (Assets/Scripts/Tests/Tests.asmdef)
Assembly with name 'Tests' already exists (Assets/Tests/Tests.asmdef)
Assembly with name 'Game.Tests.Editor' already exists (Assets/Tests/Editor/Game.Tests.Editor.asmdef)
Assembly with name 'Game.Tests.Editor' already exists (Assets/Scripts/Tests/Editor/Game.Tests.Editor.asmdef)
Assembly with name 'Tests' already exists (Assets/Scripts/Tests/Tests.asmdef)
Assembly with name 'Tests' already exists (Assets/Tests/Tests.asmdef)
Assembly with name 'Game.Tests.Editor' already exists (Assets/Tests/Editor/Game.Tests.Editor.asmdef)
Assembly with name 'Game.Tests.Editor' already exists (Assets/Scripts/Tests/Editor/Game.Tests.Editor.asmdef)
Begin MonoManager ReloadAssembly
Thread 0x33d7c7000 may have been prematurely finalized
- Loaded All Assemblies, in  0.611 seconds
Assembly with name 'Tests' already exists (Assets/Scripts/Tests/Tests.asmdef)
Assembly with name 'Tests' already exists (Assets/Tests/Tests.asmdef)
Assembly with name 'Game.Tests.Editor' already exists (Assets/Tests/Editor/Game.Tests.Editor.asmdef)
Assembly with name 'Game.Tests.Editor' already exists (Assets/Scripts/Tests/Editor/Game.Tests.Editor.asmdef)
Refreshing native plugins compatible for Editor in 0.31 ms, found 3 plugins.
Native extension for OSXStandalone target not found
Assembly with name 'Tests' already exists (Assets/Scripts/Tests/Tests.asmdef)
Assembly with name 'Tests' already exists (Assets/Tests/Tests.asmdef)
Assembly with name 'Game.Tests.Editor' already exists (Assets/Tests/Editor/Game.Tests.Editor.asmdef)
Assembly with name 'Game.Tests.Editor' already exists (Assets/Scripts/Tests/Editor/Game.Tests.Editor.asmdef)
Mono: successfully reloaded assembly
- Finished resetting the current domain, in  0.627 seconds
Domain Reload Profiling: 1240ms
	BeginReloadAssembly (231ms)
		ExecutionOrderSort (0ms)
		DisableScriptedObjects (25ms)
		BackupInstance (0ms)
		ReleaseScriptingObjects (1ms)
		CreateAndSetChildDomain (95ms)
	RebuildCommonClasses (24ms)
	RebuildNativeTypeToScriptingClass (8ms)
	initialDomainReloadingComplete (17ms)
	LoadAllAssembliesAndSetupDomain (332ms)
		LoadAssemblies (209ms)
		RebuildTransferFunctionScriptingTraits (0ms)
		AnalyzeDomain (175ms)
			TypeCache.Refresh (11ms)
				TypeCache.ScanAssembly (1ms)
			BuildScriptInfoCaches (155ms)
			ResolveRequiredComponents (7ms)
	FinalizeReload (627ms)
		ReleaseScriptCaches (0ms)
		RebuildScriptCaches (0ms)
		SetupLoadedEditorAssemblies (462ms)
			LogAssemblyErrors (0ms)
			InitializePlatformSupportModulesInManaged (1ms)
			SetLoadedEditorAssemblies (4ms)
			BeforeProcessingInitializeOnLoad (73ms)
			ProcessInitializeOnLoadAttributes (336ms)
			ProcessInitializeOnLoadMethodAttributes (43ms)
			AfterProcessingInitializeOnLoad (3ms)
			EditorAssembliesLoaded (0ms)
		ExecutionOrderSort2 (0ms)
		AwakeInstancesAfterBackupRestoration (6ms)
Refreshing native plugins compatible for Editor in 0.38 ms, found 3 plugins.
Preloading 0 native plugins for Editor in 0.00 ms.
Unloading 14 Unused Serialized files (Serialized files now loaded: 0)
Unloading 6757 unused Assets / (3.8 MB). Loaded Objects now: 7571.
Memory consumption went from 170.7 MB to 166.9 MB.
Total: 6.214667 ms (FindLiveObjects: 0.374959 ms CreateObjectMapping: 0.271042 ms MarkObjects: 4.464458 ms  DeleteObjects: 1.104042 ms)

Prepare: number of updated asset objects reloaded= 0
========================================================================
Received Prepare
Assembly with name 'Tests' already exists (Assets/Scripts/Tests/Tests.asmdef)
Assembly with name 'Tests' already exists (Assets/Tests/Tests.asmdef)
Assembly with name 'Game.Tests.Editor' already exists (Assets/Tests/Editor/Game.Tests.Editor.asmdef)
Assembly with name 'Game.Tests.Editor' already exists (Assets/Scripts/Tests/Editor/Game.Tests.Editor.asmdef)
Assembly with name 'Tests' already exists (Assets/Scripts/Tests/Tests.asmdef)
Assembly with name 'Tests' already exists (Assets/Tests/Tests.asmdef)
Assembly with name 'Game.Tests.Editor' already exists (Assets/Tests/Editor/Game.Tests.Editor.asmdef)
Assembly with name 'Game.Tests.Editor' already exists (Assets/Scripts/Tests/Editor/Game.Tests.Editor.asmdef)
Begin MonoManager ReloadAssembly
Thread 0x17f907000 may have been prematurely finalized
- Loaded All Assemblies, in  0.515 seconds
Assembly with name 'Tests' already exists (Assets/Scripts/Tests/Tests.asmdef)
Assembly with name 'Tests' already exists (Assets/Tests/Tests.asmdef)
Assembly with name 'Game.Tests.Editor' already exists (Assets/Tests/Editor/Game.Tests.Editor.asmdef)
Assembly with name 'Game.Tests.Editor' already exists (Assets/Scripts/Tests/Editor/Game.Tests.Editor.asmdef)
Refreshing native plugins compatible for Editor in 0.32 ms, found 3 plugins.
Native extension for OSXStandalone target not found
Assembly with name 'Tests' already exists (Assets/Scripts/Tests/Tests.asmdef)
Assembly with name 'Tests' already exists (Assets/Tests/Tests.asmdef)
Assembly with name 'Game.Tests.Editor' already exists (Assets/Tests/Editor/Game.Tests.Editor.asmdef)
Assembly with name 'Game.Tests.Editor' already exists (Assets/Scripts/Tests/Editor/Game.Tests.Editor.asmdef)
Mono: successfully reloaded assembly
- Finished resetting the current domain, in  0.727 seconds
Domain Reload Profiling: 1244ms
	BeginReloadAssembly (112ms)
		ExecutionOrderSort (0ms)
		DisableScriptedObjects (8ms)
		BackupInstance (0ms)
		ReleaseScriptingObjects (0ms)
		CreateAndSetChildDomain (53ms)
	RebuildCommonClasses (23ms)
	RebuildNativeTypeToScriptingClass (9ms)
	initialDomainReloadingComplete (13ms)
	LoadAllAssembliesAndSetupDomain (360ms)
		LoadAssemblies (187ms)
		RebuildTransferFunctionScriptingTraits (0ms)
		AnalyzeDomain (196ms)
			TypeCache.Refresh (15ms)
				TypeCache.ScanAssembly (0ms)
			BuildScriptInfoCaches (171ms)
			ResolveRequiredComponents (7ms)
	FinalizeReload (728ms)
		ReleaseScriptCaches (0ms)
		RebuildScriptCaches (0ms)
		SetupLoadedEditorAssemblies (556ms)
			LogAssemblyErrors (0ms)
			InitializePlatformSupportModulesInManaged (2ms)
			SetLoadedEditorAssemblies (4ms)
			BeforeProcessingInitializeOnLoad (86ms)
			ProcessInitializeOnLoadAttributes (424ms)
			ProcessInitializeOnLoadMethodAttributes (38ms)
			AfterProcessingInitializeOnLoad (2ms)
			EditorAssembliesLoaded (0ms)
		ExecutionOrderSort2 (0ms)
		AwakeInstancesAfterBackupRestoration (5ms)
Refreshing native plugins compatible for Editor in 0.41 ms, found 3 plugins.
Preloading 0 native plugins for Editor in 0.00 ms.
Unloading 14 Unused Serialized files (Serialized files now loaded: 0)
Unloading 6757 unused Assets / (2.9 MB). Loaded Objects now: 7573.
Memory consumption went from 173.1 MB to 170.2 MB.
Total: 6.211667 ms (FindLiveObjects: 0.329833 ms CreateObjectMapping: 0.151542 ms MarkObjects: 4.627958 ms  DeleteObjects: 1.101916 ms)

Prepare: number of updated asset objects reloaded= 0
